Engine error from function: sound@ tone_synth::write_wave_sound() const

Error: No data available to write.

Call stack size: 2

File: C:\Users\Admin\YandexDisk\morser\src\netevent.bgt
Line: 7 (20)
Function: void connect()

File: C:\Users\Admin\YandexDisk\morser\src\morser.bgt
Line: 62 (41)
Function: void main()


Engine error from function: bool sound::stop() const

Error: Illogical operation.

Call stack size: 3

File: C:\Users\Admin\YandexDisk\morser\src\morser.bgt
Line: 317 (51)
Function: void se(int = 0)

File: C:\Users\Admin\YandexDisk\morser\src\morser.bgt
Line: 189 (17)
Function: void playfade()

File: C:\Users\Admin\YandexDisk\morser\src\morser.bgt
Line: 82 (28)
Function: void main()


Engine error from function: bool sound::stop() const

Error: Illogical operation.

Call stack size: 3

File: C:\Users\Admin\YandexDisk\morser\src\morser.bgt
Line: 317 (86)
Function: void se(int = 0)

File: C:\Users\Admin\YandexDisk\morser\src\morser.bgt
Line: 198 (17)
Function: void stopfade()

File: C:\Users\Admin\YandexDisk\morser\src\morser.bgt
Line: 83 (29)
Function: void main()


Engine error from function: bool sound::stop() const

Error: No valid resource associated.

Call stack size: 4

File: C:\Users\Admin\YandexDisk\morser\src\morser.bgt
Line: 354 (23)
Function: void synthesize(string)

File: C:\Users\Admin\YandexDisk\morser\src\morser.bgt
Line: 360 (61)
Function: void checknet()

File: C:\Users\Admin\YandexDisk\morser\src\morser.bgt
Line: 270 (42)
Function: void checklayout()

File: C:\Users\Admin\YandexDisk\morser\src\morser.bgt
Line: 49 (1)
Function: void main()


Engine error from function: bool sound::stop() const

Error: Illogical operation.

Call stack size: 3

File: C:\Users\Admin\YandexDisk\morser\src\morser.bgt
Line: 317 (51)
Function: void se(int = 0)

File: C:\Users\Admin\YandexDisk\morser\src\morser.bgt
Line: 189 (17)
Function: void playfade()

File: C:\Users\Admin\YandexDisk\morser\src\morser.bgt
Line: 82 (28)
Function: void main()


Engine error from function: bool sound::stop() const

Error: Illogical operation.

Call stack size: 3

File: C:\Users\Admin\YandexDisk\morser\src\morser.bgt
Line: 317 (86)
Function: void se(int = 0)

File: C:\Users\Admin\YandexDisk\morser\src\morser.bgt
Line: 198 (17)
Function: void stopfade()

File: C:\Users\Admin\YandexDisk\morser\src\morser.bgt
Line: 83 (29)
Function: void main()


Engine error from function: bool sound::stop() const

Error: Illogical operation.

Call stack size: 3

File: C:\Users\Admin\YandexDisk\morser\src\morser.bgt
Line: 317 (51)
Function: void se(int = 0)

File: C:\Users\Admin\YandexDisk\morser\src\morser.bgt
Line: 189 (17)
Function: void playfade()

File: C:\Users\Admin\YandexDisk\morser\src\morser.bgt
Line: 82 (28)
Function: void main()


Engine error from function: bool sound::stop() const

Error: Illogical operation.

Call stack size: 3

File: C:\Users\Admin\YandexDisk\morser\src\morser.bgt
Line: 317 (86)
Function: void se(int = 0)

File: C:\Users\Admin\YandexDisk\morser\src\morser.bgt
Line: 198 (17)
Function: void stopfade()

File: C:\Users\Admin\YandexDisk\morser\src\morser.bgt
Line: 83 (29)
Function: void main()


Engine error from function: bool sound::stop() const

Error: Illogical operation.

Call stack size: 4

File: C:\Users\Admin\YandexDisk\morser\src\morser.bgt
Line: 354 (23)
Function: void synthesize(string)

File: C:\Users\Admin\YandexDisk\morser\src\morser.bgt
Line: 360 (61)
Function: void checknet()

File: C:\Users\Admin\YandexDisk\morser\src\morser.bgt
Line: 270 (42)
Function: void checklayout()

File: C:\Users\Admin\YandexDisk\morser\src\morser.bgt
Line: 49 (1)
Function: void main()


Engine error from function: bool sound::play() const

Error: Illogical operation.

Call stack size: 1

File: C:\Users\Admin\YandexDisk\morser\src\morser.bgt
Line: 76 (93)
Function: void main()


Engine error from function: bool sound::stop() const

Error: Illogical operation.

Call stack size: 3

File: C:\Users\Admin\YandexDisk\morser\src\morser.bgt
Line: 317 (51)
Function: void se(int = 0)

File: C:\Users\Admin\YandexDisk\morser\src\morser.bgt
Line: 189 (17)
Function: void playfade()

File: C:\Users\Admin\YandexDisk\morser\src\morser.bgt
Line: 82 (28)
Function: void main()


Engine error from function: bool sound::stop() const

Error: Illogical operation.

Call stack size: 3

File: C:\Users\Admin\YandexDisk\morser\src\morser.bgt
Line: 317 (86)
Function: void se(int = 0)

File: C:\Users\Admin\YandexDisk\morser\src\morser.bgt
Line: 198 (17)
Function: void stopfade()

File: C:\Users\Admin\YandexDisk\morser\src\morser.bgt
Line: 83 (29)
Function: void main()


Engine error from function: bool sound::stop() const

Error: Illogical operation.

Call stack size: 3

File: C:\Users\Admin\YandexDisk\morser\src\morser.bgt
Line: 317 (51)
Function: void se(int = 0)

File: C:\Users\Admin\YandexDisk\morser\src\morser.bgt
Line: 189 (17)
Function: void playfade()

File: C:\Users\Admin\YandexDisk\morser\src\morser.bgt
Line: 82 (28)
Function: void main()


Engine error from function: bool sound::stop() const

Error: Illogical operation.

Call stack size: 3

File: C:\Users\Admin\YandexDisk\morser\src\morser.bgt
Line: 317 (86)
Function: void se(int = 0)

File: C:\Users\Admin\YandexDisk\morser\src\morser.bgt
Line: 198 (17)
Function: void stopfade()

File: C:\Users\Admin\YandexDisk\morser\src\morser.bgt
Line: 83 (29)
Function: void main()


Engine error from function: bool sound::stop() const

Error: Illogical operation.

Call stack size: 4

File: C:\Users\Admin\YandexDisk\morser\src\morser.bgt
Line: 354 (23)
Function: void synthesize(string)

File: C:\Users\Admin\YandexDisk\morser\src\morser.bgt
Line: 360 (61)
Function: void checknet()

File: C:\Users\Admin\YandexDisk\morser\src\morser.bgt
Line: 270 (42)
Function: void checklayout()

File: C:\Users\Admin\YandexDisk\morser\src\morser.bgt
Line: 49 (1)
Function: void main()


Engine error from function: bool sound::play() const

Error: Illogical operation.

Call stack size: 1

File: C:\Users\Admin\YandexDisk\morser\src\morser.bgt
Line: 77 (94)
Function: void main()


Engine error from function: bool sound::play() const

Error: Illogical operation.

Call stack size: 1

File: C:\Users\Admin\YandexDisk\morser\src\morser.bgt
Line: 77 (94)
Function: void main()


Engine error from function: bool sound::stop() const

Error: Illogical operation.

Call stack size: 3

File: C:\Users\Admin\YandexDisk\morser\src\morser.bgt
Line: 317 (51)
Function: void se(int = 0)

File: C:\Users\Admin\YandexDisk\morser\src\morser.bgt
Line: 189 (17)
Function: void playfade()

File: C:\Users\Admin\YandexDisk\morser\src\morser.bgt
Line: 82 (28)
Function: void main()


Engine error from function: bool sound::stop() const

Error: Illogical operation.

Call stack size: 3

File: C:\Users\Admin\YandexDisk\morser\src\morser.bgt
Line: 317 (86)
Function: void se(int = 0)

File: C:\Users\Admin\YandexDisk\morser\src\morser.bgt
Line: 198 (17)
Function: void stopfade()

File: C:\Users\Admin\YandexDisk\morser\src\morser.bgt
Line: 83 (29)
Function: void main()


Engine error from function: bool sound::stop() const

Error: Illogical operation.

Call stack size: 3

File: C:\Users\Admin\YandexDisk\morser\src\morser.bgt
Line: 317 (51)
Function: void se(int = 0)

File: C:\Users\Admin\YandexDisk\morser\src\morser.bgt
Line: 189 (17)
Function: void playfade()

File: C:\Users\Admin\YandexDisk\morser\src\morser.bgt
Line: 82 (28)
Function: void main()


Engine error from function: bool sound::stop() const

Error: Illogical operation.

Call stack size: 3

File: C:\Users\Admin\YandexDisk\morser\src\morser.bgt
Line: 317 (86)
Function: void se(int = 0)

File: C:\Users\Admin\YandexDisk\morser\src\morser.bgt
Line: 198 (17)
Function: void stopfade()

File: C:\Users\Admin\YandexDisk\morser\src\morser.bgt
Line: 83 (29)
Function: void main()


Engine error from function: bool sound::stop() const

Error: Illogical operation.

Call stack size: 4

File: C:\Users\Admin\YandexDisk\morser\src\morser.bgt
Line: 354 (23)
Function: void synthesize(string)

File: C:\Users\Admin\YandexDisk\morser\src\morser.bgt
Line: 360 (61)
Function: void checknet()

File: C:\Users\Admin\YandexDisk\morser\src\morser.bgt
Line: 270 (42)
Function: void checklayout()

File: C:\Users\Admin\YandexDisk\morser\src\morser.bgt
Line: 49 (1)
Function: void main()


Engine error from function: bool sound::play() const

Error: Illogical operation.

Call stack size: 1

File: C:\Users\Admin\YandexDisk\morser\src\morser.bgt
Line: 76 (93)
Function: void main()


Engine error from function: bool sound::stop() const

Error: Illogical operation.

Call stack size: 4

File: C:\Users\Admin\YandexDisk\morser\src\morser.bgt
Line: 317 (51)
Function: void se(int = 0)

File: C:\Users\Admin\YandexDisk\morser\src\morser.bgt
Line: 189 (17)
Function: void playfade()

File: C:\Users\Admin\YandexDisk\morser\src\morser.bgt
Line: 98 (17)
Function: void dash(int = 0)

File: C:\Users\Admin\YandexDisk\morser\src\morser.bgt
Line: 72 (65)
Function: void main()


Engine error from function: bool sound::stop() const

Error: Illogical operation.

Call stack size: 4

File: C:\Users\Admin\YandexDisk\morser\src\morser.bgt
Line: 317 (86)
Function: void se(int = 0)

File: C:\Users\Admin\YandexDisk\morser\src\morser.bgt
Line: 198 (17)
Function: void stopfade()

File: C:\Users\Admin\YandexDisk\morser\src\morser.bgt
Line: 98 (44)
Function: void dash(int = 0)

File: C:\Users\Admin\YandexDisk\morser\src\morser.bgt
Line: 72 (65)
Function: void main()


Engine error from function: bool sound::stop() const

Error: Illogical operation.

Call stack size: 4

File: C:\Users\Admin\YandexDisk\morser\src\morser.bgt
Line: 354 (23)
Function: void synthesize(string)

File: C:\Users\Admin\YandexDisk\morser\src\morser.bgt
Line: 360 (61)
Function: void checknet()

File: C:\Users\Admin\YandexDisk\morser\src\morser.bgt
Line: 270 (42)
Function: void checklayout()

File: C:\Users\Admin\YandexDisk\morser\src\morser.bgt
Line: 49 (1)
Function: void main()


Engine error from function: bool sound::stop() const

Error: Illogical operation.

Call stack size: 4

File: C:\Users\Admin\YandexDisk\morser\src\morser.bgt
Line: 317 (51)
Function: void se(int = 0)

File: C:\Users\Admin\YandexDisk\morser\src\morser.bgt
Line: 189 (17)
Function: void playfade()

File: C:\Users\Admin\YandexDisk\morser\src\morser.bgt
Line: 94 (17)
Function: void dot(int = 0)

File: C:\Users\Admin\YandexDisk\morser\src\morser.bgt
Line: 71 (64)
Function: void main()


Engine error from function: bool sound::stop() const

Error: Illogical operation.

Call stack size: 4

File: C:\Users\Admin\YandexDisk\morser\src\morser.bgt
Line: 317 (86)
Function: void se(int = 0)

File: C:\Users\Admin\YandexDisk\morser\src\morser.bgt
Line: 198 (17)
Function: void stopfade()

File: C:\Users\Admin\YandexDisk\morser\src\morser.bgt
Line: 94 (42)
Function: void dot(int = 0)

File: C:\Users\Admin\YandexDisk\morser\src\morser.bgt
Line: 71 (64)
Function: void main()


Engine error from function: bool sound::stop() const

Error: Illogical operation.

Call stack size: 4

File: C:\Users\Admin\YandexDisk\morser\src\morser.bgt
Line: 354 (23)
Function: void synthesize(string)

File: C:\Users\Admin\YandexDisk\morser\src\morser.bgt
Line: 360 (61)
Function: void checknet()

File: C:\Users\Admin\YandexDisk\morser\src\morser.bgt
Line: 270 (42)
Function: void checklayout()

File: C:\Users\Admin\YandexDisk\morser\src\morser.bgt
Line: 49 (1)
Function: void main()


Engine error from function: bool sound::stop() const

Error: Illogical operation.

Call stack size: 4

File: C:\Users\Admin\YandexDisk\morser\src\morser.bgt
Line: 317 (51)
Function: void se(int = 0)

File: C:\Users\Admin\YandexDisk\morser\src\morser.bgt
Line: 189 (17)
Function: void playfade()

File: C:\Users\Admin\YandexDisk\morser\src\morser.bgt
Line: 98 (17)
Function: void dash(int = 0)

File: C:\Users\Admin\YandexDisk\morser\src\morser.bgt
Line: 72 (65)
Function: void main()


Engine error from function: bool sound::stop() const

Error: Illogical operation.

Call stack size: 4

File: C:\Users\Admin\YandexDisk\morser\src\morser.bgt
Line: 317 (86)
Function: void se(int = 0)

File: C:\Users\Admin\YandexDisk\morser\src\morser.bgt
Line: 198 (17)
Function: void stopfade()

File: C:\Users\Admin\YandexDisk\morser\src\morser.bgt
Line: 98 (44)
Function: void dash(int = 0)

File: C:\Users\Admin\YandexDisk\morser\src\morser.bgt
Line: 72 (65)
Function: void main()


Engine error from function: bool sound::stop() const

Error: Illogical operation.

Call stack size: 4

File: C:\Users\Admin\YandexDisk\morser\src\morser.bgt
Line: 317 (51)
Function: void se(int = 0)

File: C:\Users\Admin\YandexDisk\morser\src\morser.bgt
Line: 189 (17)
Function: void playfade()

File: C:\Users\Admin\YandexDisk\morser\src\morser.bgt
Line: 98 (17)
Function: void dash(int = 0)

File: C:\Users\Admin\YandexDisk\morser\src\morser.bgt
Line: 72 (65)
Function: void main()


Engine error from function: bool sound::stop() const

Error: Illogical operation.

Call stack size: 4

File: C:\Users\Admin\YandexDisk\morser\src\morser.bgt
Line: 317 (86)
Function: void se(int = 0)

File: C:\Users\Admin\YandexDisk\morser\src\morser.bgt
Line: 198 (17)
Function: void stopfade()

File: C:\Users\Admin\YandexDisk\morser\src\morser.bgt
Line: 98 (44)
Function: void dash(int = 0)

File: C:\Users\Admin\YandexDisk\morser\src\morser.bgt
Line: 72 (65)
Function: void main()


Engine error from function: bool sound::stop() const

Error: Illogical operation.

Call stack size: 4

File: C:\Users\Admin\YandexDisk\morser\src\morser.bgt
Line: 317 (51)
Function: void se(int = 0)

File: C:\Users\Admin\YandexDisk\morser\src\morser.bgt
Line: 189 (17)
Function: void playfade()

File: C:\Users\Admin\YandexDisk\morser\src\morser.bgt
Line: 98 (17)
Function: void dash(int = 0)

File: C:\Users\Admin\YandexDisk\morser\src\morser.bgt
Line: 72 (65)
Function: void main()


Engine error from function: bool sound::stop() const

Error: Illogical operation.

Call stack size: 4

File: C:\Users\Admin\YandexDisk\morser\src\morser.bgt
Line: 317 (86)
Function: void se(int = 0)

File: C:\Users\Admin\YandexDisk\morser\src\morser.bgt
Line: 198 (17)
Function: void stopfade()

File: C:\Users\Admin\YandexDisk\morser\src\morser.bgt
Line: 98 (44)
Function: void dash(int = 0)

File: C:\Users\Admin\YandexDisk\morser\src\morser.bgt
Line: 72 (65)
Function: void main()


Engine error from function: bool sound::stop() const

Error: Illogical operation.

Call stack size: 4

File: C:\Users\Admin\YandexDisk\morser\src\morser.bgt
Line: 317 (51)
Function: void se(int = 0)

File: C:\Users\Admin\YandexDisk\morser\src\morser.bgt
Line: 189 (17)
Function: void playfade()

File: C:\Users\Admin\YandexDisk\morser\src\morser.bgt
Line: 98 (17)
Function: void dash(int = 0)

File: C:\Users\Admin\YandexDisk\morser\src\morser.bgt
Line: 72 (65)
Function: void main()


Engine error from function: bool sound::stop() const

Error: Illogical operation.

Call stack size: 4

File: C:\Users\Admin\YandexDisk\morser\src\morser.bgt
Line: 317 (86)
Function: void se(int = 0)

File: C:\Users\Admin\YandexDisk\morser\src\morser.bgt
Line: 198 (17)
Function: void stopfade()

File: C:\Users\Admin\YandexDisk\morser\src\morser.bgt
Line: 98 (44)
Function: void dash(int = 0)

File: C:\Users\Admin\YandexDisk\morser\src\morser.bgt
Line: 72 (65)
Function: void main()


Engine error from function: bool sound::stop() const

Error: Illogical operation.

Call stack size: 4

File: C:\Users\Admin\YandexDisk\morser\src\morser.bgt
Line: 317 (51)
Function: void se(int = 0)

File: C:\Users\Admin\YandexDisk\morser\src\morser.bgt
Line: 189 (17)
Function: void playfade()

File: C:\Users\Admin\YandexDisk\morser\src\morser.bgt
Line: 98 (17)
Function: void dash(int = 0)

File: C:\Users\Admin\YandexDisk\morser\src\morser.bgt
Line: 72 (65)
Function: void main()


Engine error from function: bool sound::stop() const

Error: Illogical operation.

Call stack size: 4

File: C:\Users\Admin\YandexDisk\morser\src\morser.bgt
Line: 317 (86)
Function: void se(int = 0)

File: C:\Users\Admin\YandexDisk\morser\src\morser.bgt
Line: 198 (17)
Function: void stopfade()

File: C:\Users\Admin\YandexDisk\morser\src\morser.bgt
Line: 98 (44)
Function: void dash(int = 0)

File: C:\Users\Admin\YandexDisk\morser\src\morser.bgt
Line: 72 (65)
Function: void main()


Engine error from function: bool sound::stop() const

Error: Illogical operation.

Call stack size: 4

File: C:\Users\Admin\YandexDisk\morser\src\morser.bgt
Line: 354 (23)
Function: void synthesize(string)

File: C:\Users\Admin\YandexDisk\morser\src\morser.bgt
Line: 360 (61)
Function: void checknet()

File: C:\Users\Admin\YandexDisk\morser\src\morser.bgt
Line: 270 (42)
Function: void checklayout()

File: C:\Users\Admin\YandexDisk\morser\src\morser.bgt
Line: 49 (1)
Function: void main()


Engine error from function: bool sound::stop() const

Error: Illogical operation.

Call stack size: 4

File: C:\Users\Admin\YandexDisk\morser\src\morser.bgt
Line: 317 (51)
Function: void se(int = 0)

File: C:\Users\Admin\YandexDisk\morser\src\morser.bgt
Line: 189 (17)
Function: void playfade()

File: C:\Users\Admin\YandexDisk\morser\src\morser.bgt
Line: 94 (17)
Function: void dot(int = 0)

File: C:\Users\Admin\YandexDisk\morser\src\morser.bgt
Line: 71 (64)
Function: void main()


Engine error from function: bool sound::stop() const

Error: Illogical operation.

Call stack size: 4

File: C:\Users\Admin\YandexDisk\morser\src\morser.bgt
Line: 317 (86)
Function: void se(int = 0)

File: C:\Users\Admin\YandexDisk\morser\src\morser.bgt
Line: 198 (17)
Function: void stopfade()

File: C:\Users\Admin\YandexDisk\morser\src\morser.bgt
Line: 94 (42)
Function: void dot(int = 0)

File: C:\Users\Admin\YandexDisk\morser\src\morser.bgt
Line: 71 (64)
Function: void main()


Engine error from function: bool sound::stop() const

Error: Illogical operation.

Call stack size: 4

File: C:\Users\Admin\YandexDisk\morser\src\morser.bgt
Line: 317 (51)
Function: void se(int = 0)

File: C:\Users\Admin\YandexDisk\morser\src\morser.bgt
Line: 189 (17)
Function: void playfade()

File: C:\Users\Admin\YandexDisk\morser\src\morser.bgt
Line: 94 (17)
Function: void dot(int = 0)

File: C:\Users\Admin\YandexDisk\morser\src\morser.bgt
Line: 71 (64)
Function: void main()


Engine error from function: bool sound::stop() const

Error: Illogical operation.

Call stack size: 4

File: C:\Users\Admin\YandexDisk\morser\src\morser.bgt
Line: 317 (51)
Function: void se(int = 0)

File: C:\Users\Admin\YandexDisk\morser\src\morser.bgt
Line: 189 (17)
Function: void playfade()

File: C:\Users\Admin\YandexDisk\morser\src\morser.bgt
Line: 94 (17)
Function: void dot(int = 0)

File: C:\Users\Admin\YandexDisk\morser\src\morser.bgt
Line: 71 (64)
Function: void main()


Engine error from function: bool sound::stop() const

Error: Illogical operation.

Call stack size: 4

File: C:\Users\Admin\YandexDisk\morser\src\morser.bgt
Line: 317 (51)
Function: void se(int = 0)

File: C:\Users\Admin\YandexDisk\morser\src\morser.bgt
Line: 189 (17)
Function: void playfade()

File: C:\Users\Admin\YandexDisk\morser\src\morser.bgt
Line: 94 (17)
Function: void dot(int = 0)

File: C:\Users\Admin\YandexDisk\morser\src\morser.bgt
Line: 71 (64)
Function: void main()


Engine error from function: bool sound::stop() const

Error: Illogical operation.

Call stack size: 4

File: C:\Users\Admin\YandexDisk\morser\src\morser.bgt
Line: 317 (51)
Function: void se(int = 0)

File: C:\Users\Admin\YandexDisk\morser\src\morser.bgt
Line: 189 (17)
Function: void playfade()

File: C:\Users\Admin\YandexDisk\morser\src\morser.bgt
Line: 94 (17)
Function: void dot(int = 0)

File: C:\Users\Admin\YandexDisk\morser\src\morser.bgt
Line: 71 (64)
Function: void main()


Engine error from function: bool sound::stop() const

Error: Illogical operation.

Call stack size: 4

File: C:\Users\Admin\YandexDisk\morser\src\morser.bgt
Line: 317 (51)
Function: void se(int = 0)

File: C:\Users\Admin\YandexDisk\morser\src\morser.bgt
Line: 189 (17)
Function: void playfade()

File: C:\Users\Admin\YandexDisk\morser\src\morser.bgt
Line: 94 (17)
Function: void dot(int = 0)

File: C:\Users\Admin\YandexDisk\morser\src\morser.bgt
Line: 71 (64)
Function: void main()


Engine error from function: bool sound::stop() const

Error: Illogical operation.

Call stack size: 4

File: C:\Users\Admin\YandexDisk\morser\src\morser.bgt
Line: 317 (51)
Function: void se(int = 0)

File: C:\Users\Admin\YandexDisk\morser\src\morser.bgt
Line: 189 (17)
Function: void playfade()

File: C:\Users\Admin\YandexDisk\morser\src\morser.bgt
Line: 94 (17)
Function: void dot(int = 0)

File: C:\Users\Admin\YandexDisk\morser\src\morser.bgt
Line: 71 (64)
Function: void main()


Engine error from function: bool sound::stop() const

Error: Illogical operation.

Call stack size: 4

File: C:\Users\Admin\YandexDisk\morser\src\morser.bgt
Line: 317 (51)
Function: void se(int = 0)

File: C:\Users\Admin\YandexDisk\morser\src\morser.bgt
Line: 189 (17)
Function: void playfade()

File: C:\Users\Admin\YandexDisk\morser\src\morser.bgt
Line: 94 (17)
Function: void dot(int = 0)

File: C:\Users\Admin\YandexDisk\morser\src\morser.bgt
Line: 71 (64)
Function: void main()


Engine error from function: bool sound::stop() const

Error: Illogical operation.

Call stack size: 4

File: C:\Users\Admin\YandexDisk\morser\src\morser.bgt
Line: 354 (23)
Function: void synthesize(string)

File: C:\Users\Admin\YandexDisk\morser\src\morser.bgt
Line: 360 (61)
Function: void checknet()

File: C:\Users\Admin\YandexDisk\morser\src\morser.bgt
Line: 270 (42)
Function: void checklayout()

File: C:\Users\Admin\YandexDisk\morser\src\morser.bgt
Line: 49 (1)
Function: void main()


Engine error from function: bool sound::stop() const

Error: Illogical operation.

Call stack size: 4

File: C:\Users\Admin\YandexDisk\morser\src\morser.bgt
Line: 317 (51)
Function: void se(int = 0)

File: C:\Users\Admin\YandexDisk\morser\src\morser.bgt
Line: 189 (17)
Function: void playfade()

File: C:\Users\Admin\YandexDisk\morser\src\morser.bgt
Line: 98 (17)
Function: void dash(int = 0)

File: C:\Users\Admin\YandexDisk\morser\src\morser.bgt
Line: 72 (65)
Function: void main()


Engine error from function: bool sound::stop() const

Error: Illogical operation.

Call stack size: 4

File: C:\Users\Admin\YandexDisk\morser\src\morser.bgt
Line: 317 (86)
Function: void se(int = 0)

File: C:\Users\Admin\YandexDisk\morser\src\morser.bgt
Line: 198 (17)
Function: void stopfade()

File: C:\Users\Admin\YandexDisk\morser\src\morser.bgt
Line: 98 (44)
Function: void dash(int = 0)

File: C:\Users\Admin\YandexDisk\morser\src\morser.bgt
Line: 72 (65)
Function: void main()


Engine error from function: bool sound::stop() const

Error: Illogical operation.

Call stack size: 4

File: C:\Users\Admin\YandexDisk\morser\src\morser.bgt
Line: 317 (51)
Function: void se(int = 0)

File: C:\Users\Admin\YandexDisk\morser\src\morser.bgt
Line: 189 (17)
Function: void playfade()

File: C:\Users\Admin\YandexDisk\morser\src\morser.bgt
Line: 94 (17)
Function: void dot(int = 0)

File: C:\Users\Admin\YandexDisk\morser\src\morser.bgt
Line: 71 (64)
Function: void main()


Engine error from function: bool sound::stop() const

Error: Illogical operation.

Call stack size: 4

File: C:\Users\Admin\YandexDisk\morser\src\morser.bgt
Line: 354 (23)
Function: void synthesize(string)

File: C:\Users\Admin\YandexDisk\morser\src\morser.bgt
Line: 360 (61)
Function: void checknet()

File: C:\Users\Admin\YandexDisk\morser\src\morser.bgt
Line: 270 (42)
Function: void checklayout()

File: C:\Users\Admin\YandexDisk\morser\src\morser.bgt
Line: 49 (1)
Function: void main()


Engine error from function: bool sound::stop() const

Error: Illogical operation.

Call stack size: 4

File: C:\Users\Admin\YandexDisk\morser\src\morser.bgt
Line: 317 (51)
Function: void se(int = 0)

File: C:\Users\Admin\YandexDisk\morser\src\morser.bgt
Line: 189 (17)
Function: void playfade()

File: C:\Users\Admin\YandexDisk\morser\src\morser.bgt
Line: 94 (17)
Function: void dot(int = 0)

File: C:\Users\Admin\YandexDisk\morser\src\morser.bgt
Line: 71 (64)
Function: void main()


Engine error from function: bool sound::stop() const

Error: Illogical operation.

Call stack size: 4

File: C:\Users\Admin\YandexDisk\morser\src\morser.bgt
Line: 317 (86)
Function: void se(int = 0)

File: C:\Users\Admin\YandexDisk\morser\src\morser.bgt
Line: 198 (17)
Function: void stopfade()

File: C:\Users\Admin\YandexDisk\morser\src\morser.bgt
Line: 94 (42)
Function: void dot(int = 0)

File: C:\Users\Admin\YandexDisk\morser\src\morser.bgt
Line: 71 (64)
Function: void main()


Engine error from function: bool sound::stop() const

Error: Illogical operation.

Call stack size: 4

File: C:\Users\Admin\YandexDisk\morser\src\morser.bgt
Line: 317 (51)
Function: void se(int = 0)

File: C:\Users\Admin\YandexDisk\morser\src\morser.bgt
Line: 189 (17)
Function: void playfade()

File: C:\Users\Admin\YandexDisk\morser\src\morser.bgt
Line: 98 (17)
Function: void dash(int = 0)

File: C:\Users\Admin\YandexDisk\morser\src\morser.bgt
Line: 72 (65)
Function: void main()


Engine error from function: bool sound::stop() const

Error: Illogical operation.

Call stack size: 4

File: C:\Users\Admin\YandexDisk\morser\src\morser.bgt
Line: 317 (86)
Function: void se(int = 0)

File: C:\Users\Admin\YandexDisk\morser\src\morser.bgt
Line: 198 (17)
Function: void stopfade()

File: C:\Users\Admin\YandexDisk\morser\src\morser.bgt
Line: 98 (44)
Function: void dash(int = 0)

File: C:\Users\Admin\YandexDisk\morser\src\morser.bgt
Line: 72 (65)
Function: void main()


Engine error from function: bool sound::stop() const

Error: Illogical operation.

Call stack size: 4

File: C:\Users\Admin\YandexDisk\morser\src\morser.bgt
Line: 354 (23)
Function: void synthesize(string)

File: C:\Users\Admin\YandexDisk\morser\src\morser.bgt
Line: 360 (61)
Function: void checknet()

File: C:\Users\Admin\YandexDisk\morser\src\morser.bgt
Line: 270 (42)
Function: void checklayout()

File: C:\Users\Admin\YandexDisk\morser\src\morser.bgt
Line: 49 (1)
Function: void main()


Engine error from function: bool sound::stop() const

Error: Illogical operation.

Call stack size: 4

File: C:\Users\Admin\YandexDisk\morser\src\morser.bgt
Line: 317 (51)
Function: void se(int = 0)

File: C:\Users\Admin\YandexDisk\morser\src\morser.bgt
Line: 189 (17)
Function: void playfade()

File: C:\Users\Admin\YandexDisk\morser\src\morser.bgt
Line: 98 (17)
Function: void dash(int = 0)

File: C:\Users\Admin\YandexDisk\morser\src\morser.bgt
Line: 72 (65)
Function: void main()


Engine error from function: bool sound::stop() const

Error: Illogical operation.

Call stack size: 4

File: C:\Users\Admin\YandexDisk\morser\src\morser.bgt
Line: 317 (86)
Function: void se(int = 0)

File: C:\Users\Admin\YandexDisk\morser\src\morser.bgt
Line: 198 (17)
Function: void stopfade()

File: C:\Users\Admin\YandexDisk\morser\src\morser.bgt
Line: 98 (44)
Function: void dash(int = 0)

File: C:\Users\Admin\YandexDisk\morser\src\morser.bgt
Line: 72 (65)
Function: void main()


Engine error from function: bool sound::stop() const

Error: Illogical operation.

Call stack size: 4

File: C:\Users\Admin\YandexDisk\morser\src\morser.bgt
Line: 317 (51)
Function: void se(int = 0)

File: C:\Users\Admin\YandexDisk\morser\src\morser.bgt
Line: 189 (17)
Function: void playfade()

File: C:\Users\Admin\YandexDisk\morser\src\morser.bgt
Line: 98 (17)
Function: void dash(int = 0)

File: C:\Users\Admin\YandexDisk\morser\src\morser.bgt
Line: 72 (65)
Function: void main()


Engine error from function: bool sound::stop() const

Error: Illogical operation.

Call stack size: 4

File: C:\Users\Admin\YandexDisk\morser\src\morser.bgt
Line: 317 (86)
Function: void se(int = 0)

File: C:\Users\Admin\YandexDisk\morser\src\morser.bgt
Line: 198 (17)
Function: void stopfade()

File: C:\Users\Admin\YandexDisk\morser\src\morser.bgt
Line: 98 (44)
Function: void dash(int = 0)

File: C:\Users\Admin\YandexDisk\morser\src\morser.bgt
Line: 72 (65)
Function: void main()


Engine error from function: bool sound::stop() const

Error: Illogical operation.

Call stack size: 4

File: C:\Users\Admin\YandexDisk\morser\src\morser.bgt
Line: 354 (23)
Function: void synthesize(string)

File: C:\Users\Admin\YandexDisk\morser\src\morser.bgt
Line: 360 (61)
Function: void checknet()

File: C:\Users\Admin\YandexDisk\morser\src\morser.bgt
Line: 270 (42)
Function: void checklayout()

File: C:\Users\Admin\YandexDisk\morser\src\morser.bgt
Line: 49 (1)
Function: void main()


